# JRE version: Java(TM) SE Runtime Environment (15.0.2+7) (build 15.0.2+7-27)
# Java VM: Java HotSpot(TM) 64-Bit Server VM (15.0.2+7-27, mixed mode, sharing, tiered, compressed oops, g1 gc, windows-amd64)
GC Precious Log:
 CPUs: 8 total, 8 available
 Memory: 7965M
 Large Page Support: Disabled
 NUMA Support: Disabled
 Compressed Oops: Enabled (32-bit)
 Heap Region Size: 1M
 Heap Min Capacity: 8M
 Heap Initial Capacity: 126M
 Heap Max Capacity: 1536M
 Pre-touch: Disabled
 Parallel Workers: 8
 Concurrent Workers: 2
 Concurrent Refinement Workers: 8
 Periodic GC: Disabled
Heap:
 garbage-first heap   total 109568K, used 62741K [0x00000000a0000000, 0x0000000100000000)
  region size 1024K, 4 young (4096K), 3 survivors (3072K)
 Metaspace       used 64173K, capacity 65405K, committed 65536K, reserved 1105920K
  class space    used 8528K, capacity 8910K, committed 8960K, reserved 1048576K
GC Heap History (20 events):
Event: 8.857 GC heap after
{Heap after GC invocations=11 (full 0):
 garbage-first heap   total 98304K, used 35818K [0x00000000a0000000, 0x0000000100000000)
  region size 1024K, 5 young (5120K), 5 survivors (5120K)
 Metaspace       used 42288K, capacity 43023K, committed 43264K, reserved 1087488K
  class space    used 5585K, capacity 5808K, committed 5888K, reserved 1048576K
}
Event: 10.297 GC heap before
{Heap before GC invocations=11 (full 0):
 garbage-first heap   total 98304K, used 79850K [0x00000000a0000000, 0x0000000100000000)
  region size 1024K, 45 young (46080K), 5 survivors (5120K)
 Metaspace       used 43754K, capacity 44591K, committed 44672K, reserved 1087488K
  class space    used 5729K, capacity 5959K, committed 6016K, reserved 1048576K
}
Event: 10.306 GC heap after
{Heap after GC invocations=12 (full 0):
 garbage-first heap   total 98304K, used 46848K [0x00000000a0000000, 0x0000000100000000)
  region size 1024K, 6 young (6144K), 6 survivors (6144K)
 Metaspace       used 43754K, capacity 44591K, committed 44672K, reserved 1087488K
  class space    used 5729K, capacity 5959K, committed 6016K, reserved 1048576K
}
Event: 10.995 GC heap before
{Heap before GC invocations=12 (full 0):
 garbage-first heap   total 98304K, used 75520K [0x00000000a0000000, 0x0000000100000000)
  region size 1024K, 34 young (34816K), 6 survivors (6144K)
 Metaspace       used 47297K, capacity 48405K, committed 48512K, reserved 1091584K
  class space    used 6200K, capacity 6492K, committed 6528K, reserved 1048576K
}
Event: 11.001 GC heap after
{Heap after GC invocations=13 (full 0):
 garbage-first heap   total 98304K, used 49443K [0x00000000a0000000, 0x0000000100000000)
  region size 1024K, 3 young (3072K), 3 survivors (3072K)
 Metaspace       used 47297K, capacity 48405K, committed 48512K, reserved 1091584K
  class space    used 6200K, capacity 6492K, committed 6528K, reserved 1048576K
}
Event: 11.678 GC heap before
{Heap before GC invocations=13 (full 0):
 garbage-first heap   total 98304K, used 75043K [0x00000000a0000000, 0x0000000100000000)
  region size 1024K, 29 young (29696K), 3 survivors (3072K)
 Metaspace       used 51760K, capacity 52828K, committed 52992K, reserved 1095680K
  class space    used 6733K, capacity 7061K, committed 7168K, reserved 1048576K
}
Event: 11.682 GC heap after
{Heap after GC invocations=14 (full 0):
 garbage-first heap   total 98304K, used 50317K [0x00000000a0000000, 0x0000000100000000)
  region size 1024K, 3 young (3072K), 3 survivors (3072K)
 Metaspace       used 51760K, capacity 52828K, committed 52992K, reserved 1095680K
  class space    used 6733K, capacity 7061K, committed 7168K, reserved 1048576K
}
Event: 12.266 GC heap before
{Heap before GC invocations=15 (full 0):
 garbage-first heap   total 98304K, used 76941K [0x00000000a0000000, 0x0000000100000000)
  region size 1024K, 30 young (30720K), 3 survivors (3072K)
 Metaspace       used 54400K, capacity 55456K, committed 55552K, reserved 1097728K
  class space    used 7105K, capacity 7423K, committed 7424K, reserved 1048576K
}
Event: 12.274 GC heap after
{Heap after GC invocations=16 (full 0):
 garbage-first heap   total 98304K, used 53138K [0x00000000a0000000, 0x0000000100000000)
  region size 1024K, 4 young (4096K), 4 survivors (4096K)
 Metaspace       used 54400K, capacity 55456K, committed 55552K, reserved 1097728K
  class space    used 7105K, capacity 7423K, committed 7424K, reserved 1048576K
}
Event: 12.783 GC heap before
{Heap before GC invocations=16 (full 0):
 garbage-first heap   total 98304K, used 78738K [0x00000000a0000000, 0x0000000100000000)
  region size 1024K, 29 young (29696K), 4 survivors (4096K)
 Metaspace       used 56773K, capacity 57828K, committed 57984K, reserved 1099776K
  class space    used 7383K, capacity 7718K, committed 7808K, reserved 1048576K
}
Event: 12.791 GC heap after
{Heap after GC invocations=17 (full 0):
 garbage-first heap   total 98304K, used 54947K [0x00000000a0000000, 0x0000000100000000)
  region size 1024K, 2 young (2048K), 2 survivors (2048K)
 Metaspace       used 56773K, capacity 57828K, committed 57984K, reserved 1099776K
  class space    used 7383K, capacity 7718K, committed 7808K, reserved 1048576K
}
Event: 12.977 GC heap before
{Heap before GC invocations=18 (full 0):
 garbage-first heap   total 101376K, used 61091K [0x00000000a0000000, 0x0000000100000000)
  region size 1024K, 9 young (9216K), 2 survivors (2048K)
 Metaspace       used 57418K, capacity 58538K, committed 58752K, reserved 1099776K
  class space    used 7441K, capacity 7783K, committed 7808K, reserved 1048576K
}
Event: 12.982 GC heap after
{Heap after GC invocations=19 (full 0):
 garbage-first heap   total 101376K, used 55663K [0x00000000a0000000, 0x0000000100000000)
  region size 1024K, 3 young (3072K), 3 survivors (3072K)
 Metaspace       used 57418K, capacity 58538K, committed 58752K, reserved 1099776K
  class space    used 7441K, capacity 7783K, committed 7808K, reserved 1048576K
}
Event: 13.531 GC heap before
{Heap before GC invocations=20 (full 0):
 garbage-first heap   total 101376K, used 83311K [0x00000000a0000000, 0x0000000100000000)
  region size 1024K, 29 young (29696K), 3 survivors (3072K)
 Metaspace       used 58245K, capacity 59426K, committed 59776K, reserved 1101824K
  class space    used 7574K, capacity 7951K, committed 8064K, reserved 1048576K
}
Event: 13.537 GC heap after
{Heap after GC invocations=21 (full 0):
 garbage-first heap   total 101376K, used 57645K [0x00000000a0000000, 0x0000000100000000)
  region size 1024K, 3 young (3072K), 3 survivors (3072K)
 Metaspace       used 58245K, capacity 59426K, committed 59776K, reserved 1101824K
  class space    used 7574K, capacity 7951K, committed 8064K, reserved 1048576K
}
Event: 13.844 GC heap before
{Heap before GC invocations=21 (full 0):
 garbage-first heap   total 101376K, used 82221K [0x00000000a0000000, 0x0000000100000000)
  region size 1024K, 27 young (27648K), 3 survivors (3072K)
 Metaspace       used 58669K, capacity 59998K, committed 60288K, reserved 1101824K
  class space    used 7631K, capacity 7971K, committed 8064K, reserved 1048576K
}
Event: 13.850 GC heap after
{Heap after GC invocations=22 (full 0):
 garbage-first heap   total 101376K, used 59957K [0x00000000a0000000, 0x0000000100000000)
  region size 1024K, 3 young (3072K), 3 survivors (3072K)
 Metaspace       used 58669K, capacity 59998K, committed 60288K, reserved 1101824K
  class space    used 7631K, capacity 7971K, committed 8064K, reserved 1048576K
}
Event: 14.420 GC heap before
{Heap before GC invocations=23 (full 0):
 garbage-first heap   total 107520K, used 81461K [0x00000000a0000000, 0x0000000100000000)
  region size 1024K, 25 young (25600K), 3 survivors (3072K)
 Metaspace       used 61416K, capacity 62686K, committed 62720K, reserved 1103872K
  class space    used 8073K, capacity 8419K, committed 8448K, reserved 1048576K
}
Event: 14.426 GC heap after
{Heap after GC invocations=24 (full 0):
 garbage-first heap   total 107520K, used 61211K [0x00000000a0000000, 0x0000000100000000)
  region size 1024K, 2 young (2048K), 2 survivors (2048K)
 Metaspace       used 61416K, capacity 62686K, committed 62720K, reserved 1103872K
  class space    used 8073K, capacity 8419K, committed 8448K, reserved 1048576K
}
Event: 15.246 GC heap before
{Heap before GC invocations=24 (full 0):
 garbage-first heap   total 107520K, used 87835K [0x00000000a0000000, 0x0000000100000000)
  region size 1024K, 28 young (28672K), 2 survivors (2048K)
 Metaspace       used 64139K, capacity 65370K, committed 65536K, reserved 1105920K
  class space    used 8525K, capacity 8877K, committed 8960K, reserved 1048576K
}

